

Version:	3.9
CmdLine:	C:\NetBeansProjects\Mycology\myco.exe --l4j-debug
WOW64:		yes
Working dir:	C:\NetBeansProjects\Mycology\.
64-bit search:	SOFTWARE\JavaSoft\Java Runtime Environment...
Check:		SOFTWARE\JavaSoft\Java Runtime Environment\1.8
Ignore:		1.8
Check:		SOFTWARE\JavaSoft\Java Runtime Environment\1.8.0_121
Ignore:		1.8.0_121
32-bit search:	SOFTWARE\JavaSoft\Java Runtime Environment...
Check:		SOFTWARE\JavaSoft\Java Runtime Environment\1.8
Ignore:		1.8
Check:		SOFTWARE\JavaSoft\Java Runtime Environment\1.8.0_121
Ignore:		1.8.0_121
64-bit search:	SOFTWARE\JavaSoft\Java Development Kit...
Check:		SOFTWARE\JavaSoft\Java Development Kit\1.8
Ignore:		1.8
Check:		SOFTWARE\JavaSoft\Java Development Kit\1.8.0_121
Ignore:		1.8.0_121
32-bit search:	SOFTWARE\JavaSoft\Java Development Kit...
Check:		SOFTWARE\JavaSoft\Java Development Kit\1.8
Ignore:		1.8
Check:		SOFTWARE\JavaSoft\Java Development Kit\1.8.0_121
Ignore:		1.8.0_121
64-bit search:	SOFTWARE\IBM\Java2 Runtime Environment...
32-bit search:	SOFTWARE\IBM\Java2 Runtime Environment...
64-bit search:	SOFTWARE\IBM\Java Development Kit...
32-bit search:	SOFTWARE\IBM\Java Development Kit...
Error msg:	This application requires a Java Runtime Environment 1.4.0 - 1.4.2
Open URL:	http://java.com/download


Version:	3.9
CmdLine:	C:\NetBeansProjects\Mycology\myco2.exe --l4j-debug
WOW64:		yes
Working dir:	C:\NetBeansProjects\Mycology\.
64-bit search:	SOFTWARE\JavaSoft\Java Runtime Environment...
Check:		SOFTWARE\JavaSoft\Java Runtime Environment\1.8
Ignore:		1.8
Check:		SOFTWARE\JavaSoft\Java Runtime Environment\1.8.0_121
Check launcher:	C:\Program Files\Java\jre1.8.0_121\bin\javaw.exe (OK)
Match:		1.8.0_121
64-bit search:	SOFTWARE\JavaSoft\Java Development Kit...
Check:		SOFTWARE\JavaSoft\Java Development Kit\1.8
Ignore:		1.8
Check:		SOFTWARE\JavaSoft\Java Development Kit\1.8.0_121
Ignore:		1.8.0_121
Runtime used:	1.8.0_121 (64-bit)
Launcher:	C:\Program Files\Java\jre1.8.0_121\bin\javaw.exe
Launcher args:	-jar "C:\NetBeansProjects\Mycology\myco2.exe"
Args length:	45/32768 chars
Error msg:	An error occurred while starting the application.
